#! /usr/local/Cellar/icarus-verilog/10.2_1/bin/vvp
:ivl_version "10.2 (stable)" "(v10_2)";
:ivl_delay_selection "TYPICAL";
:vpi_time_precision + 0;
:vpi_module "system";
:vpi_module "vhdl_sys";
:vpi_module "v2005_math";
:vpi_module "va_math";
S_0x7fd0ce4032d0 .scope module, "dut_tb" "dut_tb" 2 1;
 .timescale 0 0;
P_0x7fd0ce407950 .param/l "D_W" 0 2 3, +C4<00000000000000000000000000100000>;
v0x7fd0ce41f340_0 .var "a", 31 0;
v0x7fd0ce41f3f0_0 .var "b", 31 0;
v0x7fd0ce41f480_0 .var "clk", 0 0;
L_0x10b76c008 .functor BUFT 1, C4<0>, C4<0>, C4<0>, C4<0>;
v0x7fd0ce41f550_0 .net "initialize", 0 0, L_0x10b76c008;  1 drivers
v0x7fd0ce41f600_0 .net "result", 63 0, v0x7fd0ce41f0b0_0;  1 drivers
v0x7fd0ce41f6d0_0 .var "rst", 1 0;
L_0x7fd0ce41f7a0 .part v0x7fd0ce41f6d0_0, 0, 1;
S_0x7fd0ce406060 .scope module, "mac_dut" "mac" 2 37, 3 1 0, S_0x7fd0ce4032d0;
 .timescale 0 0;
    .port_info 0 /INPUT 1 "clk"
    .port_info 1 /INPUT 1 "rst"
    .port_info 2 /INPUT 32 "a"
    .port_info 3 /INPUT 32 "b"
    .port_info 4 /INPUT 1 "initialize"
    .port_info 5 /OUTPUT 64 "result"
P_0x7fd0ce406360 .param/l "D_W" 0 3 1, +C4<00000000000000000000000000100000>;
v0x7fd0ce406250_0 .net "a", 31 0, v0x7fd0ce41f340_0;  1 drivers
v0x7fd0ce41eef0_0 .net "b", 31 0, v0x7fd0ce41f3f0_0;  1 drivers
v0x7fd0ce41ef90_0 .net "clk", 0 0, v0x7fd0ce41f480_0;  1 drivers
v0x7fd0ce41f020_0 .net "initialize", 0 0, L_0x10b76c008;  alias, 1 drivers
v0x7fd0ce41f0b0_0 .var "result", 63 0;
v0x7fd0ce41f160_0 .net "rst", 0 0, L_0x7fd0ce41f7a0;  1 drivers
v0x7fd0ce41f200_0 .var "temp", 63 0;
E_0x7fd0ce4072b0 .event posedge, v0x7fd0ce41ef90_0;
    .scope S_0x7fd0ce406060;
T_0 ;
    %wait E_0x7fd0ce4072b0;
    %load/vec4 v0x7fd0ce41f160_0;
    %nor/r;
    %flag_set/vec4 8;
    %jmp/0xz  T_0.0, 8;
    %load/vec4 v0x7fd0ce41f020_0;
    %nor/r;
    %flag_set/vec4 8;
    %jmp/0xz  T_0.2, 8;
    %load/vec4 v0x7fd0ce406250_0;
    %pad/u 64;
    %load/vec4 v0x7fd0ce41eef0_0;
    %pad/u 64;
    %mul;
    %assign/vec4 v0x7fd0ce41f200_0, 0;
    %load/vec4 v0x7fd0ce41f0b0_0;
    %load/vec4 v0x7fd0ce41f200_0;
    %add;
    %assign/vec4 v0x7fd0ce41f0b0_0, 0;
    %jmp T_0.3;
T_0.2 ;
    %load/vec4 v0x7fd0ce406250_0;
    %pad/u 64;
    %load/vec4 v0x7fd0ce41eef0_0;
    %pad/u 64;
    %mul;
    %assign/vec4 v0x7fd0ce41f200_0, 0;
    %load/vec4 v0x7fd0ce41f200_0;
    %assign/vec4 v0x7fd0ce41f0b0_0, 0;
T_0.3 ;
    %jmp T_0.1;
T_0.0 ;
    %pushi/vec4 0, 0, 64;
    %assign/vec4 v0x7fd0ce41f200_0, 0;
    %pushi/vec4 0, 0, 64;
    %assign/vec4 v0x7fd0ce41f0b0_0, 0;
T_0.1 ;
    %jmp T_0;
    .thread T_0;
    .scope S_0x7fd0ce4032d0;
T_1 ;
    %pushi/vec4 0, 0, 1;
    %store/vec4 v0x7fd0ce41f480_0, 0, 1;
    %end;
    .thread T_1;
    .scope S_0x7fd0ce4032d0;
T_2 ;
    %delay 1, 0;
    %load/vec4 v0x7fd0ce41f480_0;
    %inv;
    %store/vec4 v0x7fd0ce41f480_0, 0, 1;
    %jmp T_2;
    .thread T_2;
    .scope S_0x7fd0ce4032d0;
T_3 ;
    %pushi/vec4 3, 0, 2;
    %store/vec4 v0x7fd0ce41f6d0_0, 0, 2;
    %end;
    .thread T_3;
    .scope S_0x7fd0ce4032d0;
T_4 ;
    %wait E_0x7fd0ce4072b0;
    %load/vec4 v0x7fd0ce41f6d0_0;
    %ix/load 4, 1, 0;
    %flag_set/imm 4, 0;
    %shiftr 4;
    %assign/vec4 v0x7fd0ce41f6d0_0, 0;
    %load/vec4 v0x7fd0ce41f6d0_0;
    %cmpi/ne 0, 0, 2;
    %jmp/0xz  T_4.0, 4;
    %pushi/vec4 1, 0, 32;
    %assign/vec4 v0x7fd0ce41f340_0, 0;
    %pushi/vec4 9999, 0, 32;
    %assign/vec4 v0x7fd0ce41f3f0_0, 0;
    %jmp T_4.1;
T_4.0 ;
    %load/vec4 v0x7fd0ce41f340_0;
    %addi 1, 0, 32;
    %assign/vec4 v0x7fd0ce41f340_0, 0;
    %load/vec4 v0x7fd0ce41f3f0_0;
    %subi 1, 0, 32;
    %assign/vec4 v0x7fd0ce41f3f0_0, 0;
    %vpi_call 2 30 "$monitor", "Time=%0d,a=%0d,b=%0d,result=%0d", $time, v0x7fd0ce41f340_0, v0x7fd0ce41f3f0_0, v0x7fd0ce41f600_0 {0 0 0};
    %load/vec4 v0x7fd0ce41f340_0;
    %cmpi/e 10, 0, 32;
    %jmp/0xz  T_4.2, 4;
    %vpi_call 2 32 "$finish" {0 0 0};
T_4.2 ;
T_4.1 ;
    %jmp T_4;
    .thread T_4;
    .scope S_0x7fd0ce4032d0;
T_5 ;
    %vpi_call 2 48 "$dumpfile", "lab1.vcd" {0 0 0};
    %vpi_call 2 49 "$dumpvars" {0 0 0};
    %end;
    .thread T_5;
# The file index is used to find the file name in the following table.
:file_names 4;
    "N/A";
    "<interactive>";
    "dut_tb.v";
    "mac.v";
